<?xml version="1.0" encoding="UTF-8"?>
<coverage generated="1668433385212" clover="3.2.0">
  <project timestamp="1668433385212" name="All files">
    <metrics statements="10" coveredstatements="9" conditionals="2" coveredconditionals="1" methods="5" coveredmethods="5" elements="17" coveredelements="15" complexity="0" loc="10" ncloc="10" packages="1" files="1" classes="1"/>
    <file name="calculadora.js" path="/Users/usuario/FullCycle/Integracao Continua/SONARQUBE/node/src/calculadora.js">
      <metrics statements="10" coveredstatements="9" conditionals="2" coveredconditionals="1" methods="5" coveredmethods="5"/>
      <line num="2" count="1" type="stmt"/>
      <line num="3" count="1" type="stmt"/>
      <line num="4" count="1" type="stmt"/>
      <line num="8" count="2" type="stmt"/>
      <line num="12" count="1" type="stmt"/>
      <line num="16" count="1" type="stmt"/>
      <line num="20" count="1" type="stmt"/>
      <line num="23" count="1" type="stmt"/>
      <line num="25" count="1" type="cond" truecount="1" falsecount="1"/>
      <line num="26" count="0" type="stmt"/>
    </file>
  </project>
</coverage>
